<?xml version="1.0" encoding="UTF-8"?>
<testng-results skipped="0" failed="0" ignored="0" total="1" passed="1">
  <reporter-output>
  </reporter-output>
  <suite name="Surefire suite" duration-ms="14378" started-at="2022-11-27T04:00:08Z" finished-at="2022-11-27T04:00:22Z">
    <groups>
      <group name="cucumber">
        <method signature="AbstractTestNGCucumberTests.runScenario(cucumber.api.testng.PickleEventWrapper, cucumber.api.testng.CucumberFeatureWrapper)[pri:0, instance:cucumberOptions.TestRunnerClass@3e6fa38a]" name="runScenario" class="cucumber.api.testng.AbstractTestNGCucumberTests"/>
      </group> <!-- cucumber -->
    </groups>
    <test name="Surefire test" duration-ms="14378" started-at="2022-11-27T04:00:08Z" finished-at="2022-11-27T04:00:22Z">
      <class name="cucumberOptions.TestRunnerClass">
        <test-method status="PASS" signature="setUpClass()[pri:0, instance:cucumberOptions.TestRunnerClass@3e6fa38a]" name="setUpClass" is-config="true" duration-ms="242" started-at="2022-11-27T04:00:08Z" finished-at="2022-11-27T04:00:08Z">
          <reporter-output>
          </reporter-output>
        </test-method> <!-- setUpClass -->
        <test-method status="PASS" signature="runScenario(cucumber.api.testng.PickleEventWrapper, cucumber.api.testng.CucumberFeatureWrapper)[pri:0, instance:cucumberOptions.TestRunnerClass@3e6fa38a]" name="runScenario" duration-ms="13929" started-at="2022-11-27T04:00:08Z" description="Runs Cucumber Scenarios" data-provider="scenarios" finished-at="2022-11-27T04:00:22Z">
          <params>
            <param index="0">
              <value>
                <![CDATA["Search Experience for product search in both home and Offers page"]]>
              </value>
            </param>
            <param index="1">
              <value>
                <![CDATA["Place the order for Products"]]>
              </value>
            </param>
          </params>
          <reporter-output>
          </reporter-output>
        </test-method> <!-- runScenario -->
        <test-method status="PASS" signature="tearDownClass()[pri:0, instance:cucumberOptions.TestRunnerClass@3e6fa38a]" name="tearDownClass" is-config="true" duration-ms="133" started-at="2022-11-27T04:00:22Z" finished-at="2022-11-27T04:00:22Z">
          <reporter-output>
          </reporter-output>
        </test-method> <!-- tearDownClass -->
      </class> <!-- cucumberOptions.TestRunnerClass -->
    </test> <!-- Surefire test -->
  </suite> <!-- Surefire suite -->
</testng-results>
