<?xml version="1.0" encoding="UTF-8"?>
<testng-results skipped="0" failed="1" ignored="0" total="3" passed="2">
  <reporter-output>
  </reporter-output>
  <suite name="Default suite" duration-ms="25284" started-at="2022-11-27T03:37:52Z" finished-at="2022-11-27T03:38:17Z">
    <groups>
      <group name="cucumber">
        <method signature="AbstractTestNGCucumberTests.runScenario(cucumber.api.testng.PickleEventWrapper, cucumber.api.testng.CucumberFeatureWrapper)[pri:0, instance:cucumberOptions.TestRunnerClass@2133814f]" name="runScenario" class="cucumber.api.testng.AbstractTestNGCucumberTests"/>
      </group> <!-- cucumber -->
    </groups>
    <test name="Default test" duration-ms="25284" started-at="2022-11-27T03:37:52Z" finished-at="2022-11-27T03:38:17Z">
      <class name="cucumberOptions.TestRunnerClass">
        <test-method status="PASS" signature="setUpClass()[pri:0, instance:cucumberOptions.TestRunnerClass@2133814f]" name="setUpClass" is-config="true" duration-ms="183" started-at="2022-11-27T03:37:52Z" finished-at="2022-11-27T03:37:52Z">
          <reporter-output>
          </reporter-output>
        </test-method> <!-- setUpClass -->
        <test-method status="PASS" signature="runScenario(cucumber.api.testng.PickleEventWrapper, cucumber.api.testng.CucumberFeatureWrapper)[pri:0, instance:cucumberOptions.TestRunnerClass@2133814f]" name="runScenario" duration-ms="24894" started-at="2022-11-27T03:37:52Z" description="Runs Cucumber Scenarios" data-provider="scenarios" finished-at="2022-11-27T03:38:17Z">
          <params>
            <param index="0">
              <value>
                <![CDATA["Search Experience for product search in both home and Offers page"]]>
              </value>
            </param>
            <param index="1">
              <value>
                <![CDATA["Place the order for Products"]]>
              </value>
            </param>
          </params>
          <reporter-output>
          </reporter-output>
        </test-method> <!-- runScenario -->
        <test-method status="PASS" signature="runScenario(cucumber.api.testng.PickleEventWrapper, cucumber.api.testng.CucumberFeatureWrapper)[pri:0, instance:cucumberOptions.TestRunnerClass@2133814f]" name="runScenario" duration-ms="24952" started-at="2022-11-27T03:37:52Z" description="Runs Cucumber Scenarios" data-provider="scenarios" finished-at="2022-11-27T03:38:17Z">
          <params>
            <param index="0">
              <value>
                <![CDATA["Search Experience for product search in both home and Offers page"]]>
              </value>
            </param>
            <param index="1">
              <value>
                <![CDATA["Search and Place the order for Products"]]>
              </value>
            </param>
          </params>
          <reporter-output>
          </reporter-output>
        </test-method> <!-- runScenario -->
        <test-method status="FAIL" signature="runScenario(cucumber.api.testng.PickleEventWrapper, cucumber.api.testng.CucumberFeatureWrapper)[pri:0, instance:cucumberOptions.TestRunnerClass@2133814f]" name="runScenario" duration-ms="24928" started-at="2022-11-27T03:37:52Z" description="Runs Cucumber Scenarios" data-provider="scenarios" finished-at="2022-11-27T03:38:17Z">
          <params>
            <param index="0">
              <value>
                <![CDATA["Search Experience for product search in both home and Offers page"]]>
              </value>
            </param>
            <param index="1">
              <value>
                <![CDATA["Search and Place the order for Products"]]>
              </value>
            </param>
          </params>
          <exception class="org.openqa.selenium.NoSuchElementException">
            <message>
              <![CDATA[no such element: Unable to locate element: {"method":"xpath","selector":"//td[text()='Tomato']"}
  (Session info: MicrosoftEdge=107.0.1418.56)
For documentation on this error, please visit: https://www.seleniumhq.org/exceptions/no_such_element.html
Build info: version: '3.141.59', revision: 'e82be7d358', time: '2018-11-14T08:17:03'
System info: host: 'ARUNRAMALINGAM', ip: '192.168.71.82', os.name: 'Windows 8.1', os.arch: 'amd64', os.version: '6.3', java.version: '1.8.0_202'
Driver info: org.openqa.selenium.edge.EdgeDriver
Capabilities {acceptInsecureCerts: false, browserName: msedge, browserVersion: 107.0.1418.56, javascriptEnabled: true, ms:edgeOptions: {debuggerAddress: localhost:49958}, msedge: {msedgedriverVersion: 107.0.1418.56 (5b47a5c50066..., userDataDir: C:\Users\Arunsrj\AppData\Lo...}, networkConnectionEnabled: false, pageLoadStrategy: normal, platform: WINDOWS, platformName: WINDOWS, proxy: Proxy(), setWindowRect: true, strictFileInteractability: false, timeouts: {implicit: 0, pageLoad: 300000, script: 30000}, unhandledPromptBehavior: dismiss and notify, webauthn:extension:credBlob: true, webauthn:extension:largeBlob: true, webauthn:virtualAuthenticators: true}
Session ID: 1603710c9da6b8666e73ad478471f5e6
*** Element info: {Using=xpath, value=//td[text()='Tomato']}]]>
            </message>
            <full-stacktrace>
              <![CDATA[org.openqa.selenium.NoSuchElementException: no such element: Unable to locate element: {"method":"xpath","selector":"//td[text()='Tomato']"}
  (Session info: MicrosoftEdge=107.0.1418.56)
For documentation on this error, please visit: https://www.seleniumhq.org/exceptions/no_such_element.html
Build info: version: '3.141.59', revision: 'e82be7d358', time: '2018-11-14T08:17:03'
System info: host: 'ARUNRAMALINGAM', ip: '192.168.71.82', os.name: 'Windows 8.1', os.arch: 'amd64', os.version: '6.3', java.version: '1.8.0_202'
Driver info: org.openqa.selenium.edge.EdgeDriver
Capabilities {acceptInsecureCerts: false, browserName: msedge, browserVersion: 107.0.1418.56, javascriptEnabled: true, ms:edgeOptions: {debuggerAddress: localhost:49958}, msedge: {msedgedriverVersion: 107.0.1418.56 (5b47a5c50066..., userDataDir: C:\Users\Arunsrj\AppData\Lo...}, networkConnectionEnabled: false, pageLoadStrategy: normal, platform: WINDOWS, platformName: WINDOWS, proxy: Proxy(), setWindowRect: true, strictFileInteractability: false, timeouts: {implicit: 0, pageLoad: 300000, script: 30000}, unhandledPromptBehavior: dismiss and notify, webauthn:extension:credBlob: true, webauthn:extension:largeBlob: true, webauthn:virtualAuthenticators: true}
Session ID: 1603710c9da6b8666e73ad478471f5e6
*** Element info: {Using=xpath, value=//td[text()='Tomato']}
at sun.reflect.NativeConstructorAccessorImpl.newInstance0(Native Method)
at sun.reflect.NativeConstructorAccessorImpl.newInstance(Unknown Source)
at sun.reflect.DelegatingConstructorAccessorImpl.newInstance(Unknown Source)
at java.lang.reflect.Constructor.newInstance(Unknown Source)
at org.openqa.selenium.remote.http.W3CHttpResponseCodec.createException(W3CHttpResponseCodec.java:187)
at org.openqa.selenium.remote.http.W3CHttpResponseCodec.decode(W3CHttpResponseCodec.java:122)
at org.openqa.selenium.remote.http.W3CHttpResponseCodec.decode(W3CHttpResponseCodec.java:49)
at org.openqa.selenium.remote.HttpCommandExecutor.execute(HttpCommandExecutor.java:158)
at org.openqa.selenium.remote.service.DriverCommandExecutor.execute(DriverCommandExecutor.java:83)
at org.openqa.selenium.remote.RemoteWebDriver.execute(RemoteWebDriver.java:552)
at org.openqa.selenium.remote.RemoteWebDriver.findElement(RemoteWebDriver.java:323)
at org.openqa.selenium.remote.RemoteWebDriver.findElementByXPath(RemoteWebDriver.java:428)
at org.openqa.selenium.By$ByXPath.findElement(By.java:353)
at org.openqa.selenium.remote.RemoteWebDriver.findElement(RemoteWebDriver.java:315)
at pageObjects.OfferPage.getProduct(OfferPage.java:32)
at stepDefinitionClass.OfferPageStepDefinition.user_searched_for_shortname_in_offers_page(OfferPageStepDefinition.java:42)
at ✽.user searched for "Beet" shortname in offers page(src/test/java/features/searchProduct.feature:6)
]]>
            </full-stacktrace>
          </exception> <!-- org.openqa.selenium.NoSuchElementException -->
          <reporter-output>
          </reporter-output>
        </test-method> <!-- runScenario -->
        <test-method status="PASS" signature="tearDownClass()[pri:0, instance:cucumberOptions.TestRunnerClass@2133814f]" name="tearDownClass" is-config="true" duration-ms="60" started-at="2022-11-27T03:38:17Z" finished-at="2022-11-27T03:38:17Z">
          <reporter-output>
          </reporter-output>
        </test-method> <!-- tearDownClass -->
      </class> <!-- cucumberOptions.TestRunnerClass -->
    </test> <!-- Default test -->
  </suite> <!-- Default suite -->
</testng-results>
